{"C:\\Nitish\\Project\\NodeJs\\Open-API\\src\\app\\app.ts": {"path":"C:\\Nitish\\Project\\NodeJs\\Open-API\\src\\app\\app.ts","statementMap":{"0":{"start":{"line":1,"column":0},"end":{"line":1,"column":67}},"1":{"start":{"line":2,"column":0},"end":{"line":2,"column":37}},"2":{"start":{"line":3,"column":0},"end":{"line":3,"column":51}},"3":{"start":{"line":5,"column":0},"end":{"line":5,"column":41}},"4":{"start":{"line":6,"column":0},"end":{"line":6,"column":43}},"5":{"start":{"line":7,"column":0},"end":{"line":7,"column":49}},"6":{"start":{"line":10,"column":12},"end":{"line":10,"column":21}},"7":{"start":{"line":12,"column":20},"end":{"line":12,"column":47}},"8":{"start":{"line":14,"column":0},"end":{"line":14,"column":null}},"9":{"start":{"line":15,"column":0},"end":{"line":15,"column":null}},"10":{"start":{"line":16,"column":0},"end":{"line":16,"column":22}},"11":{"start":{"line":18,"column":0},"end":{"line":23,"column":null}},"12":{"start":{"line":19,"column":19},"end":{"line":19,"column":31}},"13":{"start":{"line":20,"column":20},"end":{"line":20,"column":33}},"14":{"start":{"line":21,"column":4},"end":{"line":21,"column":47}},"15":{"start":{"line":25,"column":0},"end":{"line":27,"column":null}},"16":{"start":{"line":26,"column":4},"end":{"line":26,"column":34}},"17":{"start":{"line":28,"column":0},"end":{"line":28,"column":null}}},"fnMap":{"0":{"name":"(anonymous_1)","decl":{"start":{"line":18,"column":8},"end":{"line":18,"column":9}},"loc":{"start":{"line":18,"column":73},"end":{"line":23,"column":1}}},"1":{"name":"(anonymous_2)","decl":{"start":{"line":25,"column":16},"end":{"line":25,"column":18}},"loc":{"start":{"line":25,"column":20},"end":{"line":27,"column":1}}}},"branchMap":{},"s":{"0":1,"1":1,"2":1,"3":1,"4":1,"5":1,"6":1,"7":1,"8":1,"9":1,"10":1,"11":1,"12":2,"13":2,"14":2,"15":1,"16":1,"17":1},"f":{"0":2,"1":1},"b":{}}
,"C:\\Nitish\\Project\\NodeJs\\Open-API\\src\\app\\config.ts": {"path":"C:\\Nitish\\Project\\NodeJs\\Open-API\\src\\app\\config.ts","statementMap":{"0":{"start":{"line":1,"column":0},"end":{"line":7,"column":null}}},"fnMap":{},"branchMap":{},"s":{"0":2},"f":{},"b":{}}
,"C:\\Nitish\\Project\\NodeJs\\Open-API\\src\\app\\logger.ts": {"path":"C:\\Nitish\\Project\\NodeJs\\Open-API\\src\\app\\logger.ts","statementMap":{"0":{"start":{"line":1,"column":0},"end":{"line":1,"column":57}},"1":{"start":{"line":3,"column":21},"end":{"line":5,"column":3}},"2":{"start":{"line":4,"column":4},"end":{"line":4,"column":null}},"3":{"start":{"line":7,"column":15},"end":{"line":13,"column":2}},"4":{"start":{"line":15,"column":0},"end":{"line":15,"column":22}}},"fnMap":{"0":{"name":"(anonymous_0)","decl":{"start":{"line":3,"column":69},"end":{"line":3,"column":70}},"loc":{"start":{"line":3,"column":77},"end":{"line":5,"column":1}}}},"branchMap":{},"s":{"0":3,"1":3,"2":5,"3":3,"4":3},"f":{"0":5},"b":{}}
,"C:\\Nitish\\Project\\NodeJs\\Open-API\\src\\app\\controller\\weatherController.ts": {"path":"C:\\Nitish\\Project\\NodeJs\\Open-API\\src\\app\\controller\\weatherController.ts","statementMap":{"0":{"start":{"line":2,"column":0},"end":{"line":2,"column":66}},"1":{"start":{"line":3,"column":0},"end":{"line":3,"column":60}},"2":{"start":{"line":4,"column":0},"end":{"line":4,"column":59}},"3":{"start":{"line":6,"column":0},"end":{"line":6,"column":53}},"4":{"start":{"line":7,"column":0},"end":{"line":7,"column":31}},"5":{"start":{"line":13,"column":40},"end":{"line":45,"column":null}},"6":{"start":{"line":13,"column":98},"end":{"line":45,"column":null}},"7":{"start":{"line":14,"column":17},"end":{"line":14,"column":41}},"8":{"start":{"line":15,"column":17},"end":{"line":15,"column":38}},"9":{"start":{"line":16,"column":2},"end":{"line":23,"column":null}},"10":{"start":{"line":17,"column":4},"end":{"line":17,"column":null}},"11":{"start":{"line":18,"column":23},"end":{"line":21,"column":null}},"12":{"start":{"line":22,"column":4},"end":{"line":22,"column":21}},"13":{"start":{"line":25,"column":2},"end":{"line":44,"column":null}},"14":{"start":{"line":26,"column":28},"end":{"line":26,"column":64}},"15":{"start":{"line":27,"column":4},"end":{"line":35,"column":null}},"16":{"start":{"line":28,"column":30},"end":{"line":28,"column":84}},"17":{"start":{"line":29,"column":6},"end":{"line":34,"column":null}},"18":{"start":{"line":30,"column":23},"end":{"line":30,"column":71}},"19":{"start":{"line":32,"column":8},"end":{"line":32,"column":44}},"20":{"start":{"line":33,"column":8},"end":{"line":33,"column":37}},"21":{"start":{"line":37,"column":4},"end":{"line":37,"column":23}},"22":{"start":{"line":38,"column":4},"end":{"line":38,"column":null}},"23":{"start":{"line":39,"column":23},"end":{"line":42,"column":null}},"24":{"start":{"line":43,"column":5},"end":{"line":43,"column":null}},"25":{"start":{"line":13,"column":13},"end":{"line":13,"column":40}}},"fnMap":{"0":{"name":"(anonymous_8)","decl":{"start":{"line":13,"column":40},"end":{"line":13,"column":47}},"loc":{"start":{"line":13,"column":98},"end":{"line":45,"column":null}}},"1":{"name":"(anonymous_9)","decl":{"start":{"line":13,"column":98},"end":{"line":13,"column":null}},"loc":{"start":{"line":13,"column":98},"end":{"line":45,"column":1}}}},"branchMap":{"0":{"loc":{"start":{"line":16,"column":2},"end":{"line":23,"column":null}},"type":"if","locations":[{"start":{"line":16,"column":2},"end":{"line":23,"column":null}}]},"1":{"loc":{"start":{"line":27,"column":4},"end":{"line":35,"column":null}},"type":"if","locations":[{"start":{"line":27,"column":4},"end":{"line":35,"column":null}}]},"2":{"loc":{"start":{"line":29,"column":6},"end":{"line":34,"column":null}},"type":"if","locations":[{"start":{"line":29,"column":6},"end":{"line":34,"column":null}}]}},"s":{"0":1,"1":1,"2":1,"3":1,"4":1,"5":1,"6":3,"7":3,"8":3,"9":3,"10":1,"11":1,"12":1,"13":2,"14":2,"15":1,"16":1,"17":1,"18":1,"19":1,"20":1,"21":1,"22":1,"23":1,"24":1,"25":1},"f":{"0":3,"1":3},"b":{"0":[1],"1":[1],"2":[1]}}
,"C:\\Nitish\\Project\\NodeJs\\Open-API\\src\\app\\handlers\\responseHandler.ts": {"path":"C:\\Nitish\\Project\\NodeJs\\Open-API\\src\\app\\handlers\\responseHandler.ts","statementMap":{"0":{"start":{"line":6,"column":31},"end":{"line":32,"column":3}},"1":{"start":{"line":8,"column":41},"end":{"line":30,"column":6}},"2":{"start":{"line":31,"column":4},"end":{"line":31,"column":18}},"3":{"start":{"line":6,"column":13},"end":{"line":6,"column":31}}},"fnMap":{"0":{"name":"(anonymous_0)","decl":{"start":{"line":6,"column":31},"end":{"line":6,"column":32}},"loc":{"start":{"line":6,"column":85},"end":{"line":32,"column":3}}}},"branchMap":{},"s":{"0":1,"1":1,"2":1,"3":1},"f":{"0":1},"b":{}}
,"C:\\Nitish\\Project\\NodeJs\\Open-API\\src\\app\\routes\\weatherRoutes.ts": {"path":"C:\\Nitish\\Project\\NodeJs\\Open-API\\src\\app\\routes\\weatherRoutes.ts","statementMap":{"0":{"start":{"line":1,"column":0},"end":{"line":1,"column":30}},"1":{"start":{"line":2,"column":0},"end":{"line":2,"column":40}},"2":{"start":{"line":4,"column":0},"end":{"line":4,"column":74}},"3":{"start":{"line":6,"column":15},"end":{"line":6,"column":31}},"4":{"start":{"line":7,"column":19},"end":{"line":7,"column":128}},"5":{"start":{"line":27,"column":0},"end":{"line":27,"column":61}},"6":{"start":{"line":29,"column":0},"end":{"line":29,"column":22}}},"fnMap":{},"branchMap":{},"s":{"0":1,"1":1,"2":1,"3":1,"4":1,"5":1,"6":1},"f":{},"b":{}}
,"C:\\Nitish\\Project\\NodeJs\\Open-API\\src\\app\\service\\countryInfoService.ts": {"path":"C:\\Nitish\\Project\\NodeJs\\Open-API\\src\\app\\service\\countryInfoService.ts","statementMap":{"0":{"start":{"line":1,"column":0},"end":{"line":1,"column":26}},"1":{"start":{"line":2,"column":0},"end":{"line":2,"column":31}},"2":{"start":{"line":3,"column":0},"end":{"line":3,"column":33}},"3":{"start":{"line":4,"column":0},"end":{"line":4,"column":16}},"4":{"start":{"line":5,"column":0},"end":{"line":5,"column":33}},"5":{"start":{"line":10,"column":30},"end":{"line":19,"column":null}},"6":{"start":{"line":10,"column":60},"end":{"line":19,"column":null}},"7":{"start":{"line":11,"column":16},"end":{"line":11,"column":69}},"8":{"start":{"line":12,"column":17},"end":{"line":12,"column":37}},"9":{"start":{"line":13,"column":33},"end":{"line":13,"column":44}},"10":{"start":{"line":14,"column":4},"end":{"line":14,"column":29}},"11":{"start":{"line":15,"column":4},"end":{"line":18,"column":null}},"12":{"start":{"line":16,"column":8},"end":{"line":16,"column":52}},"13":{"start":{"line":17,"column":8},"end":{"line":17,"column":30}},"14":{"start":{"line":10,"column":13},"end":{"line":10,"column":30}}},"fnMap":{"0":{"name":"(anonymous_14)","decl":{"start":{"line":10,"column":30},"end":{"line":10,"column":37}},"loc":{"start":{"line":10,"column":60},"end":{"line":19,"column":null}}},"1":{"name":"(anonymous_15)","decl":{"start":{"line":10,"column":60},"end":{"line":10,"column":null}},"loc":{"start":{"line":10,"column":60},"end":{"line":19,"column":1}}}},"branchMap":{"0":{"loc":{"start":{"line":15,"column":4},"end":{"line":18,"column":null}},"type":"if","locations":[{"start":{"line":15,"column":4},"end":{"line":18,"column":null}}]}},"s":{"0":1,"1":1,"2":1,"3":1,"4":1,"5":1,"6":1,"7":1,"8":1,"9":1,"10":1,"11":1,"12":1,"13":1,"14":1},"f":{"0":1,"1":1},"b":{"0":[1]}}
,"C:\\Nitish\\Project\\NodeJs\\Open-API\\src\\app\\service\\weatherReportService.ts": {"path":"C:\\Nitish\\Project\\NodeJs\\Open-API\\src\\app\\service\\weatherReportService.ts","statementMap":{"0":{"start":{"line":1,"column":0},"end":{"line":1,"column":26}},"1":{"start":{"line":2,"column":0},"end":{"line":2,"column":31}},"2":{"start":{"line":4,"column":0},"end":{"line":4,"column":33}},"3":{"start":{"line":5,"column":0},"end":{"line":5,"column":16}},"4":{"start":{"line":6,"column":0},"end":{"line":6,"column":33}},"5":{"start":{"line":9,"column":33},"end":{"line":19,"column":null}},"6":{"start":{"line":9,"column":56},"end":{"line":19,"column":null}},"7":{"start":{"line":10,"column":16},"end":{"line":10,"column":82}},"8":{"start":{"line":11,"column":17},"end":{"line":11,"column":37}},"9":{"start":{"line":12,"column":4},"end":{"line":12,"column":24}},"10":{"start":{"line":13,"column":38},"end":{"line":13,"column":49}},"11":{"start":{"line":14,"column":4},"end":{"line":14,"column":29}},"12":{"start":{"line":15,"column":4},"end":{"line":18,"column":null}},"13":{"start":{"line":16,"column":8},"end":{"line":16,"column":49}},"14":{"start":{"line":17,"column":8},"end":{"line":17,"column":27}},"15":{"start":{"line":9,"column":13},"end":{"line":9,"column":33}}},"fnMap":{"0":{"name":"(anonymous_14)","decl":{"start":{"line":9,"column":33},"end":{"line":9,"column":40}},"loc":{"start":{"line":9,"column":56},"end":{"line":19,"column":null}}},"1":{"name":"(anonymous_15)","decl":{"start":{"line":9,"column":56},"end":{"line":9,"column":null}},"loc":{"start":{"line":9,"column":56},"end":{"line":19,"column":1}}}},"branchMap":{"0":{"loc":{"start":{"line":15,"column":4},"end":{"line":18,"column":null}},"type":"if","locations":[{"start":{"line":15,"column":4},"end":{"line":18,"column":null}}]}},"s":{"0":1,"1":1,"2":1,"3":1,"4":1,"5":1,"6":1,"7":1,"8":1,"9":1,"10":1,"11":1,"12":1,"13":1,"14":1,"15":1},"f":{"0":1,"1":1},"b":{"0":[1]}}
}
